This file contains any messages produced by compilers while
running configure, to aid debugging if configure makes a mistake.

It was created by newlib configure 2.2.0, which was
generated by GNU Autoconf 2.68.  Invocation command line was

  $ /home/ilaird/Projects/Personal/rpos/src/newlib-2.2.0-1/newlib/configure --cache-file=./config.cache --with-newlib --enable-multilib --with-cross-host=x86_64-unknown-linux-gnu --prefix=/usr --program-transform-name=s&^&i686-rpos-& --disable-option-checking --with-target-subdir=i686-rpos --build=x86_64-unknown-linux-gnu --host=i686-rpos --target=i686-rpos --srcdir=../.././newlib

## --------- ##
## Platform. ##
## --------- ##

hostname = ilaird-MacBookPro
uname -m = x86_64
uname -r = 4.4.0-87-generic
uname -s = Linux
uname -v = #110-Ubuntu SMP Tue Jul 18 12:55:35 UTC 2017

/usr/bin/uname -p = unknown
/bin/uname -X     = unknown

/bin/arch              = unknown
/usr/bin/arch -k       = unknown
/usr/convex/getsysinfo = unknown
/usr/bin/hostinfo      = unknown
/bin/machine           = unknown
/usr/bin/oslevel       = unknown
/bin/universe          = unknown

PATH: /home/ilaird/Projects/Personal/rpos/scripts/toolchain/i686/cross/bin
PATH: /home/ilaird/.nvm/versions/node/v4.7.3/bin
PATH: /usr/local/bin
PATH: /usr/local/sbin
PATH: /home/ilaird/bin
PATH: /home/ilaird/.local/bin
PATH: /usr/sbin
PATH: /usr/bin
PATH: /sbin
PATH: /bin
PATH: /usr/games
PATH: /usr/local/games
PATH: /snap/bin
PATH: /usr/lib/jvm/java-8-oracle/bin
PATH: /usr/lib/jvm/java-8-oracle/db/bin
PATH: /usr/lib/jvm/java-8-oracle/jre/bin


## ----------- ##
## Core tests. ##
## ----------- ##

configure:2128: creating cache ./config.cache
configure:2478: checking build system type
configure:2492: result: x86_64-unknown-linux-gnu
configure:2512: checking host system type
configure:2525: result: i686-pc-rpos
configure:2561: checking for a BSD-compatible install
configure:2629: result: /usr/bin/install -c
configure:2640: checking whether build environment is sane
configure:2690: result: yes
configure:2739: checking for i686-rpos-strip
configure:2766: result: i686-rpos-strip
configure:2831: checking for a thread-safe mkdir -p
configure:2870: result: /bin/mkdir -p
configure:2883: checking for gawk
configure:2910: result: gawk
configure:2921: checking whether make sets $(MAKE)
configure:2943: result: yes
configure:2973: checking for style of include used by make
configure:3001: result: GNU
configure:3211: checking for gcc
configure:3238: result: i686-rpos-cc -B/home/ilaird/Projects/Personal/rpos/src/newlib-2.2.0-1/i686-rpos/newlib/ -isystem /home/ilaird/Projects/Personal/rpos/src/newlib-2.2.0-1/i686-rpos/newlib/targ-include -isystem /home/ilaird/Projects/Personal/rpos/src/newlib-2.2.0-1/newlib/libc/include -B/home/ilaird/Projects/Personal/rpos/src/newlib-2.2.0-1/i686-rpos/libgloss/i386 -L/home/ilaird/Projects/Personal/rpos/src/newlib-2.2.0-1/i686-rpos/libgloss/libnosys -L/home/ilaird/Projects/Personal/rpos/src/newlib-2.2.0-1/libgloss/i386   
configure:3249: checking dependency style of i686-rpos-cc -B/home/ilaird/Projects/Personal/rpos/src/newlib-2.2.0-1/i686-rpos/newlib/ -isystem /home/ilaird/Projects/Personal/rpos/src/newlib-2.2.0-1/i686-rpos/newlib/targ-include -isystem /home/ilaird/Projects/Personal/rpos/src/newlib-2.2.0-1/newlib/libc/include -B/home/ilaird/Projects/Personal/rpos/src/newlib-2.2.0-1/i686-rpos/libgloss/i386 -L/home/ilaird/Projects/Personal/rpos/src/newlib-2.2.0-1/i686-rpos/libgloss/libnosys -L/home/ilaird/Projects/Personal/rpos/src/newlib-2.2.0-1/libgloss/i386   
configure:3360: result: gcc3
configure:3433: checking whether we are using GNU C
configure:3444: i686-rpos-cc -B/home/ilaird/Projects/Personal/rpos/src/newlib-2.2.0-1/i686-rpos/newlib/ -isystem /home/ilaird/Projects/Personal/rpos/src/newlib-2.2.0-1/i686-rpos/newlib/targ-include -isystem /home/ilaird/Projects/Personal/rpos/src/newlib-2.2.0-1/newlib/libc/include -B/home/ilaird/Projects/Personal/rpos/src/newlib-2.2.0-1/i686-rpos/libgloss/i386 -L/home/ilaird/Projects/Personal/rpos/src/newlib-2.2.0-1/i686-rpos/libgloss/libnosys -L/home/ilaird/Projects/Personal/rpos/src/newlib-2.2.0-1/libgloss/i386    -E conftest.c
configure:3447: $? = 0
configure:3454: result: yes
configure:3463: checking whether i686-rpos-cc -B/home/ilaird/Projects/Personal/rpos/src/newlib-2.2.0-1/i686-rpos/newlib/ -isystem /home/ilaird/Projects/Personal/rpos/src/newlib-2.2.0-1/i686-rpos/newlib/targ-include -isystem /home/ilaird/Projects/Personal/rpos/src/newlib-2.2.0-1/newlib/libc/include -B/home/ilaird/Projects/Personal/rpos/src/newlib-2.2.0-1/i686-rpos/libgloss/i386 -L/home/ilaird/Projects/Personal/rpos/src/newlib-2.2.0-1/i686-rpos/libgloss/libnosys -L/home/ilaird/Projects/Personal/rpos/src/newlib-2.2.0-1/libgloss/i386    accepts -g
configure:3483: i686-rpos-cc -B/home/ilaird/Projects/Personal/rpos/src/newlib-2.2.0-1/i686-rpos/newlib/ -isystem /home/ilaird/Projects/Personal/rpos/src/newlib-2.2.0-1/i686-rpos/newlib/targ-include -isystem /home/ilaird/Projects/Personal/rpos/src/newlib-2.2.0-1/newlib/libc/include -B/home/ilaird/Projects/Personal/rpos/src/newlib-2.2.0-1/i686-rpos/libgloss/i386 -L/home/ilaird/Projects/Personal/rpos/src/newlib-2.2.0-1/i686-rpos/libgloss/libnosys -L/home/ilaird/Projects/Personal/rpos/src/newlib-2.2.0-1/libgloss/i386    -c -g  conftest.c >&5
configure:3483: $? = 0
configure: failed program was:
| /* confdefs.h */
| #define PACKAGE_NAME "newlib"
| #define PACKAGE_TARNAME "newlib"
| #define PACKAGE_VERSION "2.2.0"
| #define PACKAGE_STRING "newlib 2.2.0"
| #define PACKAGE_BUGREPORT ""
| #define PACKAGE_URL ""
| /* end confdefs.h.  */
| 
| int
| main ()
| {
| 
|   ;
|   return 0;
| }
configure:3498: i686-rpos-cc -B/home/ilaird/Projects/Personal/rpos/src/newlib-2.2.0-1/i686-rpos/newlib/ -isystem /home/ilaird/Projects/Personal/rpos/src/newlib-2.2.0-1/i686-rpos/newlib/targ-include -isystem /home/ilaird/Projects/Personal/rpos/src/newlib-2.2.0-1/newlib/libc/include -B/home/ilaird/Projects/Personal/rpos/src/newlib-2.2.0-1/i686-rpos/libgloss/i386 -L/home/ilaird/Projects/Personal/rpos/src/newlib-2.2.0-1/i686-rpos/libgloss/libnosys -L/home/ilaird/Projects/Personal/rpos/src/newlib-2.2.0-1/libgloss/i386    -c   conftest.c >&5
configure:3498: $? = 0
configure: failed program was:
| /* confdefs.h */
| #define PACKAGE_NAME "newlib"
| #define PACKAGE_TARNAME "newlib"
| #define PACKAGE_VERSION "2.2.0"
| #define PACKAGE_STRING "newlib 2.2.0"
| #define PACKAGE_BUGREPORT ""
| #define PACKAGE_URL ""
| /* end confdefs.h.  */
| 
| int
| main ()
| {
| 
|   ;
|   return 0;
| }
configure:3514: i686-rpos-cc -B/home/ilaird/Projects/Personal/rpos/src/newlib-2.2.0-1/i686-rpos/newlib/ -isystem /home/ilaird/Projects/Personal/rpos/src/newlib-2.2.0-1/i686-rpos/newlib/targ-include -isystem /home/ilaird/Projects/Personal/rpos/src/newlib-2.2.0-1/newlib/libc/include -B/home/ilaird/Projects/Personal/rpos/src/newlib-2.2.0-1/i686-rpos/libgloss/i386 -L/home/ilaird/Projects/Personal/rpos/src/newlib-2.2.0-1/i686-rpos/libgloss/libnosys -L/home/ilaird/Projects/Personal/rpos/src/newlib-2.2.0-1/libgloss/i386    -c -g  conftest.c >&5
configure:3514: $? = 0
configure: failed program was:
| /* confdefs.h */
| #define PACKAGE_NAME "newlib"
| #define PACKAGE_TARNAME "newlib"
| #define PACKAGE_VERSION "2.2.0"
| #define PACKAGE_STRING "newlib 2.2.0"
| #define PACKAGE_BUGREPORT ""
| #define PACKAGE_URL ""
| /* end confdefs.h.  */
| 
| int
| main ()
| {
| 
|   ;
|   return 0;
| }
configure:3524: result: no
configure:3557: checking for i686-rpos-as
configure:3584: result: i686-rpos-as
configure:3649: checking for i686-rpos-ar
configure:3676: result: i686-rpos-ar
configure:3741: checking for i686-rpos-ranlib
configure:3768: result: i686-rpos-ranlib
configure:3833: checking for i686-rpos-readelf
configure:3860: result: i686-rpos-readelf
configure:3929: checking whether to enable maintainer-specific portions of Makefiles
configure:3938: result: no
configure:4048: checking for a sed that does not truncate output
configure:4112: result: /bin/sed
configure:4134: checking how to print strings
configure:4161: result: printf
configure:4186: checking for gawk
configure:4213: result: gawk
configure:12491: checking for .preinit_array/.init_array/.fini_array support
configure:12504: i686-rpos-cc -B/home/ilaird/Projects/Personal/rpos/src/newlib-2.2.0-1/i686-rpos/newlib/ -isystem /home/ilaird/Projects/Personal/rpos/src/newlib-2.2.0-1/i686-rpos/newlib/targ-include -isystem /home/ilaird/Projects/Personal/rpos/src/newlib-2.2.0-1/newlib/libc/include -B/home/ilaird/Projects/Personal/rpos/src/newlib-2.2.0-1/i686-rpos/libgloss/i386 -L/home/ilaird/Projects/Personal/rpos/src/newlib-2.2.0-1/i686-rpos/libgloss/libnosys -L/home/ilaird/Projects/Personal/rpos/src/newlib-2.2.0-1/libgloss/i386    -g -O2  -c -o conftest conftest.c
							1>&5
configure:12507: $? = 0
configure:12520: result: no
configure:12531: checking if i686-rpos-cc -B/home/ilaird/Projects/Personal/rpos/src/newlib-2.2.0-1/i686-rpos/newlib/ -isystem /home/ilaird/Projects/Personal/rpos/src/newlib-2.2.0-1/i686-rpos/newlib/targ-include -isystem /home/ilaird/Projects/Personal/rpos/src/newlib-2.2.0-1/newlib/libc/include -B/home/ilaird/Projects/Personal/rpos/src/newlib-2.2.0-1/i686-rpos/libgloss/i386 -L/home/ilaird/Projects/Personal/rpos/src/newlib-2.2.0-1/i686-rpos/libgloss/libnosys -L/home/ilaird/Projects/Personal/rpos/src/newlib-2.2.0-1/libgloss/i386    accepts -fno-tree-loop-distribute-patterns with __attribute__ ((__optimize__))
configure:12545: i686-rpos-cc -B/home/ilaird/Projects/Personal/rpos/src/newlib-2.2.0-1/i686-rpos/newlib/ -isystem /home/ilaird/Projects/Personal/rpos/src/newlib-2.2.0-1/i686-rpos/newlib/targ-include -isystem /home/ilaird/Projects/Personal/rpos/src/newlib-2.2.0-1/newlib/libc/include -B/home/ilaird/Projects/Personal/rpos/src/newlib-2.2.0-1/i686-rpos/libgloss/i386 -L/home/ilaird/Projects/Personal/rpos/src/newlib-2.2.0-1/i686-rpos/libgloss/libnosys -L/home/ilaird/Projects/Personal/rpos/src/newlib-2.2.0-1/libgloss/i386    -g -O2  -c
			    -fno-tree-loop-distribute-patterns conftest.c
configure:12548: $? = 0
configure:12555: result: yes
configure:12563: checking whether long double type exists
configure:12583: i686-rpos-cc -B/home/ilaird/Projects/Personal/rpos/src/newlib-2.2.0-1/i686-rpos/newlib/ -isystem /home/ilaird/Projects/Personal/rpos/src/newlib-2.2.0-1/i686-rpos/newlib/targ-include -isystem /home/ilaird/Projects/Personal/rpos/src/newlib-2.2.0-1/newlib/libc/include -B/home/ilaird/Projects/Personal/rpos/src/newlib-2.2.0-1/i686-rpos/libgloss/i386 -L/home/ilaird/Projects/Personal/rpos/src/newlib-2.2.0-1/i686-rpos/libgloss/libnosys -L/home/ilaird/Projects/Personal/rpos/src/newlib-2.2.0-1/libgloss/i386    -g -O2  -c -o conftest.o conftest.c
							1>&5
configure:12586: $? = 0
configure:12595: result: yes
configure:12612: checking whether long double equals double
configure:12628: i686-rpos-cc -B/home/ilaird/Projects/Personal/rpos/src/newlib-2.2.0-1/i686-rpos/newlib/ -isystem /home/ilaird/Projects/Personal/rpos/src/newlib-2.2.0-1/i686-rpos/newlib/targ-include -isystem /home/ilaird/Projects/Personal/rpos/src/newlib-2.2.0-1/newlib/libc/include -B/home/ilaird/Projects/Personal/rpos/src/newlib-2.2.0-1/i686-rpos/libgloss/i386 -L/home/ilaird/Projects/Personal/rpos/src/newlib-2.2.0-1/i686-rpos/libgloss/libnosys -L/home/ilaird/Projects/Personal/rpos/src/newlib-2.2.0-1/libgloss/i386    -g -O2  -c -o conftest.o conftest.c
							1>&5
conftest.c:5:4: error: #error "LDBL != DBL"
   #error "LDBL != DBL"
    ^
configure:12631: $? = 1
configure:12640: result: no
configure:12650: checking whether uintptr_t equals unsigned long long
configure:12662: i686-rpos-cc -B/home/ilaird/Projects/Personal/rpos/src/newlib-2.2.0-1/i686-rpos/newlib/ -isystem /home/ilaird/Projects/Personal/rpos/src/newlib-2.2.0-1/i686-rpos/newlib/targ-include -isystem /home/ilaird/Projects/Personal/rpos/src/newlib-2.2.0-1/newlib/libc/include -B/home/ilaird/Projects/Personal/rpos/src/newlib-2.2.0-1/i686-rpos/libgloss/i386 -L/home/ilaird/Projects/Personal/rpos/src/newlib-2.2.0-1/i686-rpos/libgloss/libnosys -L/home/ilaird/Projects/Personal/rpos/src/newlib-2.2.0-1/libgloss/i386    -g -O2  -c -o conftest.o conftest.c
							1>&5
conftest.c:3:12: error: conflicting types for 'foo'
 extern int foo(unsigned long long);
            ^
conftest.c:2:12: note: previous declaration of 'foo' was here
 extern int foo(uintptr_t);
            ^
configure:12665: $? = 1
configure:12674: result: no
configure:12683: checking whether uintptr_t equals unsigned long
configure:12695: i686-rpos-cc -B/home/ilaird/Projects/Personal/rpos/src/newlib-2.2.0-1/i686-rpos/newlib/ -isystem /home/ilaird/Projects/Personal/rpos/src/newlib-2.2.0-1/i686-rpos/newlib/targ-include -isystem /home/ilaird/Projects/Personal/rpos/src/newlib-2.2.0-1/newlib/libc/include -B/home/ilaird/Projects/Personal/rpos/src/newlib-2.2.0-1/i686-rpos/libgloss/i386 -L/home/ilaird/Projects/Personal/rpos/src/newlib-2.2.0-1/i686-rpos/libgloss/libnosys -L/home/ilaird/Projects/Personal/rpos/src/newlib-2.2.0-1/libgloss/i386    -g -O2  -c -o conftest.o conftest.c
							1>&5
configure:12698: $? = 0
configure:12707: result: yes
configure:12787: updating cache ./config.cache
configure:12900: creating ./config.status

## ---------------------- ##
## Running config.status. ##
## ---------------------- ##

This file was extended by newlib config.status 2.2.0, which was
generated by GNU Autoconf 2.68.  Invocation command line was

  CONFIG_FILES    = 
  CONFIG_HEADERS  = 
  CONFIG_LINKS    = 
  CONFIG_COMMANDS = 
  $ ./config.status 

on ilaird-MacBookPro

config.status:1144: creating Makefile
config.status:1144: creating newlib.h
config.status:1358: executing depfiles commands
configure:15219: === configuring in libc (/home/ilaird/Projects/Personal/rpos/src/newlib-2.2.0-1/i686-rpos/newlib/libc)
configure:15282: running /bin/bash ../../.././newlib/libc/configure --disable-option-checking '--prefix=/usr'  '--with-newlib' '--enable-multilib' '--with-cross-host=x86_64-unknown-linux-gnu' '--program-transform-name=s&^&i686-rpos-&' '--with-target-subdir=i686-rpos' '--build=x86_64-unknown-linux-gnu' '--host=i686-rpos' '--target=i686-rpos' 'build_alias=x86_64-unknown-linux-gnu' 'host_alias=i686-rpos' 'target_alias=i686-rpos' 'CC=i686-rpos-cc -B/home/ilaird/Projects/Personal/rpos/src/newlib-2.2.0-1/i686-rpos/newlib/ -isystem /home/ilaird/Projects/Personal/rpos/src/newlib-2.2.0-1/i686-rpos/newlib/targ-include -isystem /home/ilaird/Projects/Personal/rpos/src/newlib-2.2.0-1/newlib/libc/include -B/home/ilaird/Projects/Personal/rpos/src/newlib-2.2.0-1/i686-rpos/libgloss/i386 -L/home/ilaird/Projects/Personal/rpos/src/newlib-2.2.0-1/i686-rpos/libgloss/libnosys -L/home/ilaird/Projects/Personal/rpos/src/newlib-2.2.0-1/libgloss/i386   ' 'CFLAGS=-g -O2' 'LDFLAGS=' 'CPPFLAGS=' --cache-file=.././config.cache --srcdir=../../.././newlib/libc
configure:15219: === configuring in libm (/home/ilaird/Projects/Personal/rpos/src/newlib-2.2.0-1/i686-rpos/newlib/libm)
configure:15282: running /bin/bash ../../.././newlib/libm/configure --disable-option-checking '--prefix=/usr'  '--with-newlib' '--enable-multilib' '--with-cross-host=x86_64-unknown-linux-gnu' '--program-transform-name=s&^&i686-rpos-&' '--with-target-subdir=i686-rpos' '--build=x86_64-unknown-linux-gnu' '--host=i686-rpos' '--target=i686-rpos' 'build_alias=x86_64-unknown-linux-gnu' 'host_alias=i686-rpos' 'target_alias=i686-rpos' 'CC=i686-rpos-cc -B/home/ilaird/Projects/Personal/rpos/src/newlib-2.2.0-1/i686-rpos/newlib/ -isystem /home/ilaird/Projects/Personal/rpos/src/newlib-2.2.0-1/i686-rpos/newlib/targ-include -isystem /home/ilaird/Projects/Personal/rpos/src/newlib-2.2.0-1/newlib/libc/include -B/home/ilaird/Projects/Personal/rpos/src/newlib-2.2.0-1/i686-rpos/libgloss/i386 -L/home/ilaird/Projects/Personal/rpos/src/newlib-2.2.0-1/i686-rpos/libgloss/libnosys -L/home/ilaird/Projects/Personal/rpos/src/newlib-2.2.0-1/libgloss/i386   ' 'CFLAGS=-g -O2' 'LDFLAGS=' 'CPPFLAGS=' --cache-file=.././config.cache --srcdir=../../.././newlib/libm
configure:15219: === configuring in doc (/home/ilaird/Projects/Personal/rpos/src/newlib-2.2.0-1/i686-rpos/newlib/doc)
configure:15282: running /bin/bash ../../.././newlib/doc/configure --disable-option-checking '--prefix=/usr'  '--with-newlib' '--enable-multilib' '--with-cross-host=x86_64-unknown-linux-gnu' '--program-transform-name=s&^&i686-rpos-&' '--with-target-subdir=i686-rpos' '--build=x86_64-unknown-linux-gnu' '--host=i686-rpos' '--target=i686-rpos' 'build_alias=x86_64-unknown-linux-gnu' 'host_alias=i686-rpos' 'target_alias=i686-rpos' 'CC=i686-rpos-cc -B/home/ilaird/Projects/Personal/rpos/src/newlib-2.2.0-1/i686-rpos/newlib/ -isystem /home/ilaird/Projects/Personal/rpos/src/newlib-2.2.0-1/i686-rpos/newlib/targ-include -isystem /home/ilaird/Projects/Personal/rpos/src/newlib-2.2.0-1/newlib/libc/include -B/home/ilaird/Projects/Personal/rpos/src/newlib-2.2.0-1/i686-rpos/libgloss/i386 -L/home/ilaird/Projects/Personal/rpos/src/newlib-2.2.0-1/i686-rpos/libgloss/libnosys -L/home/ilaird/Projects/Personal/rpos/src/newlib-2.2.0-1/libgloss/i386   ' 'CFLAGS=-g -O2' 'LDFLAGS=' 'CPPFLAGS=' --cache-file=.././config.cache --srcdir=../../.././newlib/doc

## ---------------- ##
## Cache variables. ##
## ---------------- ##

ac_cv_build=x86_64-unknown-linux-gnu
ac_cv_c_compiler_gnu=yes
ac_cv_env_CCASFLAGS_set=
ac_cv_env_CCASFLAGS_value=
ac_cv_env_CCAS_set=
ac_cv_env_CCAS_value=
ac_cv_env_CC_set=set
ac_cv_env_CC_value='i686-rpos-cc -B/home/ilaird/Projects/Personal/rpos/src/newlib-2.2.0-1/i686-rpos/newlib/ -isystem /home/ilaird/Projects/Personal/rpos/src/newlib-2.2.0-1/i686-rpos/newlib/targ-include -isystem /home/ilaird/Projects/Personal/rpos/src/newlib-2.2.0-1/newlib/libc/include -B/home/ilaird/Projects/Personal/rpos/src/newlib-2.2.0-1/i686-rpos/libgloss/i386 -L/home/ilaird/Projects/Personal/rpos/src/newlib-2.2.0-1/i686-rpos/libgloss/libnosys -L/home/ilaird/Projects/Personal/rpos/src/newlib-2.2.0-1/libgloss/i386   '
ac_cv_env_CFLAGS_set=set
ac_cv_env_CFLAGS_value='-g -O2'
ac_cv_env_CPPFLAGS_set=set
ac_cv_env_CPPFLAGS_value=
ac_cv_env_CPP_set=
ac_cv_env_CPP_value=
ac_cv_env_LDFLAGS_set=set
ac_cv_env_LDFLAGS_value=
ac_cv_env_LIBS_set=
ac_cv_env_LIBS_value=
ac_cv_env_build_alias_set=set
ac_cv_env_build_alias_value=x86_64-unknown-linux-gnu
ac_cv_env_host_alias_set=set
ac_cv_env_host_alias_value=i686-rpos
ac_cv_env_target_alias_set=set
ac_cv_env_target_alias_value=i686-rpos
ac_cv_host=i686-pc-rpos
ac_cv_path_SED=/bin/sed
ac_cv_path_mkdir=/bin/mkdir
ac_cv_prog_AR=i686-rpos-ar
ac_cv_prog_AS=i686-rpos-as
ac_cv_prog_AWK=gawk
ac_cv_prog_CC='i686-rpos-cc -B/home/ilaird/Projects/Personal/rpos/src/newlib-2.2.0-1/i686-rpos/newlib/ -isystem /home/ilaird/Projects/Personal/rpos/src/newlib-2.2.0-1/i686-rpos/newlib/targ-include -isystem /home/ilaird/Projects/Personal/rpos/src/newlib-2.2.0-1/newlib/libc/include -B/home/ilaird/Projects/Personal/rpos/src/newlib-2.2.0-1/i686-rpos/libgloss/i386 -L/home/ilaird/Projects/Personal/rpos/src/newlib-2.2.0-1/i686-rpos/libgloss/libnosys -L/home/ilaird/Projects/Personal/rpos/src/newlib-2.2.0-1/libgloss/i386   '
ac_cv_prog_RANLIB=i686-rpos-ranlib
ac_cv_prog_READELF=i686-rpos-readelf
ac_cv_prog_STRIP=i686-rpos-strip
ac_cv_prog_cc_g=no
ac_cv_prog_make_make_set=yes
acnewlib_cv_type_long_double=yes
am_cv_CC_dependencies_compiler_type=gcc3
libc_cv_cc_loop_to_function=yes
libc_cv_initfinit_array=no
newlib_cv_ldbl_eq_dbl=no
newlib_cv_uintptr_eq_ulong=yes
newlib_cv_uintptr_eq_ulonglong=no

## ----------------- ##
## Output variables. ##
## ----------------- ##

ACLOCAL='${SHELL} /home/ilaird/Projects/Personal/rpos/src/newlib-2.2.0-1/missing --run aclocal-1.11'
AMDEPBACKSLASH='\'
AMDEP_FALSE='#'
AMDEP_TRUE=''
AMTAR='$${TAR-tar}'
AR='i686-rpos-ar'
AS='i686-rpos-as'
AUTOCONF='${SHELL} /home/ilaird/Projects/Personal/rpos/src/newlib-2.2.0-1/missing --run autoconf'
AUTOHEADER='${SHELL} /home/ilaird/Projects/Personal/rpos/src/newlib-2.2.0-1/missing --run autoheader'
AUTOMAKE='${SHELL} /home/ilaird/Projects/Personal/rpos/src/newlib-2.2.0-1/missing --run automake-1.11'
AWK='gawk'
CC='i686-rpos-cc -B/home/ilaird/Projects/Personal/rpos/src/newlib-2.2.0-1/i686-rpos/newlib/ -isystem /home/ilaird/Projects/Personal/rpos/src/newlib-2.2.0-1/i686-rpos/newlib/targ-include -isystem /home/ilaird/Projects/Personal/rpos/src/newlib-2.2.0-1/newlib/libc/include -B/home/ilaird/Projects/Personal/rpos/src/newlib-2.2.0-1/i686-rpos/libgloss/i386 -L/home/ilaird/Projects/Personal/rpos/src/newlib-2.2.0-1/i686-rpos/libgloss/libnosys -L/home/ilaird/Projects/Personal/rpos/src/newlib-2.2.0-1/libgloss/i386   '
CCAS='i686-rpos-cc -B/home/ilaird/Projects/Personal/rpos/src/newlib-2.2.0-1/i686-rpos/newlib/ -isystem /home/ilaird/Projects/Personal/rpos/src/newlib-2.2.0-1/i686-rpos/newlib/targ-include -isystem /home/ilaird/Projects/Personal/rpos/src/newlib-2.2.0-1/newlib/libc/include -B/home/ilaird/Projects/Personal/rpos/src/newlib-2.2.0-1/i686-rpos/libgloss/i386 -L/home/ilaird/Projects/Personal/rpos/src/newlib-2.2.0-1/i686-rpos/libgloss/libnosys -L/home/ilaird/Projects/Personal/rpos/src/newlib-2.2.0-1/libgloss/i386   '
CCASFLAGS='-g -O2'
CCDEPMODE='depmode=gcc3'
CC_FOR_BUILD='gcc'
CC_FOR_NEWLIB='i686-rpos-cc -B/home/ilaird/Projects/Personal/rpos/src/newlib-2.2.0-1/i686-rpos/newlib/ -isystem /home/ilaird/Projects/Personal/rpos/src/newlib-2.2.0-1/i686-rpos/newlib/targ-include -isystem /home/ilaird/Projects/Personal/rpos/src/newlib-2.2.0-1/newlib/libc/include -B/home/ilaird/Projects/Personal/rpos/src/newlib-2.2.0-1/i686-rpos/libgloss/i386 -L/home/ilaird/Projects/Personal/rpos/src/newlib-2.2.0-1/i686-rpos/libgloss/libnosys -L/home/ilaird/Projects/Personal/rpos/src/newlib-2.2.0-1/libgloss/i386   '
CFLAGS='-g -O2'
CPP=''
CPPFLAGS=''
CRT0='crt0.o'
CRT0_DIR='libc/'
CRT1=''
CRT1_DIR=''
CYGPATH_W='echo'
DEFS='-DHAVE_CONFIG_H'
DEPDIR='.deps'
DLLTOOL='i686-rpos-dlltool'
DSYMUTIL=''
DUMPBIN=''
ECHO_C=''
ECHO_N='-n'
ECHO_T=''
EGREP=''
ELIX_LEVEL_0_FALSE='#'
ELIX_LEVEL_0_TRUE=''
ELIX_LEVEL_1_FALSE=''
ELIX_LEVEL_1_TRUE='#'
ELIX_LEVEL_2_FALSE=''
ELIX_LEVEL_2_TRUE='#'
ELIX_LEVEL_3_FALSE=''
ELIX_LEVEL_3_TRUE='#'
ELIX_LEVEL_4_FALSE=''
ELIX_LEVEL_4_TRUE='#'
EXEEXT=''
EXTRA_DIRS=''
FGREP=''
GREP=''
HAVE_DOC_FALSE='#'
HAVE_DOC_TRUE=''
HAVE_LONG_DOUBLE_FALSE='#'
HAVE_LONG_DOUBLE_TRUE=''
INSTALL_DATA='/usr/bin/install -c -m 644'
INSTALL_PROGRAM='/usr/bin/install -c'
INSTALL_SCRIPT='/usr/bin/install -c'
INSTALL_STRIP_PROGRAM='$(install_sh) -c -s'
LD='i686-rpos-ld'
LDFLAGS=''
LIBM_MACHINE_OBJECTLIST='libm/machine/i386/objectlist.awk.in'
LIBOBJS=''
LIBS=''
LIBTOOL=''
LIPO='i686-rpos-lipo'
LN_S=''
LTLIBOBJS=''
MACHINE_OBJECTLIST='libc/machine/i386/objectlist.awk.in'
MAINT='#'
MAINTAINER_MODE_FALSE=''
MAINTAINER_MODE_TRUE='#'
MAKEINFO='makeinfo --split-size=5000000'
MAY_SUPPLY_SYSCALLS_FALSE='#'
MAY_SUPPLY_SYSCALLS_TRUE=''
MKDIR_P='/bin/mkdir -p'
NEWLIB_CFLAGS=' -DMISSING_SYSCALL_NAMES -fno-builtin'
NEWLIB_HW_FP_FALSE=''
NEWLIB_HW_FP_TRUE='#'
NM='i686-rpos-nm'
NMEDIT=''
NO_INCLUDE_LIST=' rpc/types.h rpc/xdr.h'
OBJDUMP='i686-rpos-objdump'
OBJEXT='o'
OTOOL64=''
OTOOL=''
PACKAGE='newlib'
PACKAGE_BUGREPORT=''
PACKAGE_NAME='newlib'
PACKAGE_STRING='newlib 2.2.0'
PACKAGE_TARNAME='newlib'
PACKAGE_URL=''
PACKAGE_VERSION='2.2.0'
PATH_SEPARATOR=':'
POSIX_OBJECTLIST=''
RANLIB='i686-rpos-ranlib'
READELF='i686-rpos-readelf'
SED='/bin/sed'
SET_MAKE=''
SHELL='/bin/bash'
SIGNAL_OBJECTLIST='libc/signal/objectlist.awk.in'
STDIO64_OBJECTLIST=''
STRIP='i686-rpos-strip'
SYSCALL_OBJECTLIST=''
SYS_MACH_OBJECTLIST=''
SYS_OBJECTLIST='libc/sys/rpos/objectlist.awk.in'
UNIX_OBJECTLIST=''
USE_LIBTOOL_FALSE=''
USE_LIBTOOL_TRUE='#'
VERSION='2.2.0'
ac_ct_CC=''
ac_ct_DUMPBIN=''
aext='a'
am__EXEEXT_FALSE=''
am__EXEEXT_TRUE='#'
am__fastdepCC_FALSE='#'
am__fastdepCC_TRUE=''
am__include='include'
am__isrc=' -I$(srcdir)'
am__leading_dot='.'
am__nodep='_no'
am__quote=''
am__tar='$${TAR-tar} chof - "$$tardir"'
am__untar='$${TAR-tar} xf -'
bindir='${exec_prefix}/bin'
build='x86_64-unknown-linux-gnu'
build_alias='x86_64-unknown-linux-gnu'
build_cpu='x86_64'
build_os='linux-gnu'
build_vendor='unknown'
datadir='${datarootdir}'
datarootdir='${prefix}/share'
docdir='${datarootdir}/doc/${PACKAGE_TARNAME}'
dvidir='${docdir}'
exec_prefix='${prefix}'
host='i686-pc-rpos'
host_alias='i686-rpos'
host_cpu='i686'
host_os='rpos'
host_vendor='pc'
htmldir='${docdir}'
includedir='${prefix}/include'
infodir='${datarootdir}/info'
install_sh='${SHELL} /home/ilaird/Projects/Personal/rpos/src/newlib-2.2.0-1/install-sh'
libc_cv_cc_loop_to_function='yes'
libc_cv_initfinit_array='no'
libdir='${exec_prefix}/lib'
libexecdir='${exec_prefix}/libexec'
libm_machine_dir='i386'
localedir='${datarootdir}/locale'
localstatedir='${prefix}/var'
lpfx='lib_a-'
machine_dir='i386'
mandir='${datarootdir}/man'
mkdir_p='/bin/mkdir -p'
newlib_basedir='../.././newlib/.'
oext='o'
oldincludedir='/usr/include'
pdfdir='${docdir}'
prefix='/usr'
program_transform_name='s&^&i686-rpos-&'
psdir='${docdir}'
sbindir='${exec_prefix}/sbin'
sharedstatedir='${prefix}/com'
subdirs=' libc libm doc'
sys_dir='rpos'
sysconfdir='${prefix}/etc'
target_alias='i686-rpos'

## ----------- ##
## confdefs.h. ##
## ----------- ##

/* confdefs.h */
#define PACKAGE_NAME "newlib"
#define PACKAGE_TARNAME "newlib"
#define PACKAGE_VERSION "2.2.0"
#define PACKAGE_STRING "newlib 2.2.0"
#define PACKAGE_BUGREPORT ""
#define PACKAGE_URL ""
#define _MB_LEN_MAX 1
#define _NEWLIB_VERSION "2.2.0"
#define _ATEXIT_DYNAMIC_ALLOC 1
#define _FVWRITE_IN_STREAMIO 1
#define _FSEEK_OPTIMIZATION 1
#define _WIDE_ORIENT 1
#define _UNBUF_STREAM_OPT 1
#define _HAVE_CC_INHIBIT_LOOP_TO_LIBCALL 1
#define _HAVE_LONG_DOUBLE 1
#define _UINTPTR_EQ_ULONG 1

configure: exit 0
