This file contains any messages produced by compilers while
running configure, to aid debugging if configure makes a mistake.

It was created by configure, which was
generated by GNU Autoconf 2.68.  Invocation command line was

  $ ../../.././libgloss/libnosys/configure --disable-option-checking --prefix=/usr --with-newlib --enable-multilib --with-cross-host=x86_64-unknown-linux-gnu --program-transform-name=s&^&i686-rpos-& --with-target-subdir=i686-rpos --build=x86_64-unknown-linux-gnu --host=i686-rpos --target=i686-rpos build_alias=x86_64-unknown-linux-gnu host_alias=i686-rpos target_alias=i686-rpos --cache-file=.././config.cache --srcdir=../../.././libgloss/libnosys

## --------- ##
## Platform. ##
## --------- ##

hostname = ilaird-MacBookPro
uname -m = x86_64
uname -r = 4.4.0-87-generic
uname -s = Linux
uname -v = #110-Ubuntu SMP Tue Jul 18 12:55:35 UTC 2017

/usr/bin/uname -p = unknown
/bin/uname -X     = unknown

/bin/arch              = unknown
/usr/bin/arch -k       = unknown
/usr/convex/getsysinfo = unknown
/usr/bin/hostinfo      = unknown
/bin/machine           = unknown
/usr/bin/oslevel       = unknown
/bin/universe          = unknown

PATH: /home/ilaird/Projects/Personal/rpos/scripts/toolchain/i686/cross/bin
PATH: /home/ilaird/.nvm/versions/node/v4.7.3/bin
PATH: /usr/local/bin
PATH: /usr/local/sbin
PATH: /home/ilaird/bin
PATH: /home/ilaird/.local/bin
PATH: /usr/sbin
PATH: /usr/bin
PATH: /sbin
PATH: /bin
PATH: /usr/games
PATH: /usr/local/games
PATH: /snap/bin
PATH: /usr/lib/jvm/java-8-oracle/bin
PATH: /usr/lib/jvm/java-8-oracle/db/bin
PATH: /usr/lib/jvm/java-8-oracle/jre/bin


## ----------- ##
## Core tests. ##
## ----------- ##

configure:1662: loading cache .././config.cache
configure:1793: checking build system type
configure:1807: result: x86_64-unknown-linux-gnu
configure:1827: checking host system type
configure:1840: result: i686-pc-rpos
configure:1860: checking target system type
configure:1873: result: i686-pc-rpos
configure:1925: checking for a BSD-compatible install
configure:1993: result: /usr/bin/install -c
configure:2146: checking for symbol prefix
configure:2156: i686-rpos-cc -B/home/ilaird/Projects/Personal/rpos/src/newlib-2.2.0-1/i686-rpos/newlib/ -isystem /home/ilaird/Projects/Personal/rpos/src/newlib-2.2.0-1/i686-rpos/newlib/targ-include -isystem /home/ilaird/Projects/Personal/rpos/src/newlib-2.2.0-1/newlib/libc/include -B/home/ilaird/Projects/Personal/rpos/src/newlib-2.2.0-1/i686-rpos/libgloss/i386 -L/home/ilaird/Projects/Personal/rpos/src/newlib-2.2.0-1/i686-rpos/libgloss/libnosys -L/home/ilaird/Projects/Personal/rpos/src/newlib-2.2.0-1/libgloss/i386    -S conftest.c -o - | fgrep $foo > /dev/null
configure:2159: $? = 1
configure:2165: i686-rpos-cc -B/home/ilaird/Projects/Personal/rpos/src/newlib-2.2.0-1/i686-rpos/newlib/ -isystem /home/ilaird/Projects/Personal/rpos/src/newlib-2.2.0-1/i686-rpos/newlib/targ-include -isystem /home/ilaird/Projects/Personal/rpos/src/newlib-2.2.0-1/newlib/libc/include -B/home/ilaird/Projects/Personal/rpos/src/newlib-2.2.0-1/i686-rpos/libgloss/i386 -L/home/ilaird/Projects/Personal/rpos/src/newlib-2.2.0-1/i686-rpos/libgloss/libnosys -L/home/ilaird/Projects/Personal/rpos/src/newlib-2.2.0-1/libgloss/i386    -S conftest.c -o - | fgrep _foo > /dev/null
configure:2168: $? = 1
configure:2176: result: none
configure:2209: checking for style of include used by make
configure:2237: result: GNU
configure:2264: checking for gcc
configure:2291: result: i686-rpos-cc -B/home/ilaird/Projects/Personal/rpos/src/newlib-2.2.0-1/i686-rpos/newlib/ -isystem /home/ilaird/Projects/Personal/rpos/src/newlib-2.2.0-1/i686-rpos/newlib/targ-include -isystem /home/ilaird/Projects/Personal/rpos/src/newlib-2.2.0-1/newlib/libc/include -B/home/ilaird/Projects/Personal/rpos/src/newlib-2.2.0-1/i686-rpos/libgloss/i386 -L/home/ilaird/Projects/Personal/rpos/src/newlib-2.2.0-1/i686-rpos/libgloss/libnosys -L/home/ilaird/Projects/Personal/rpos/src/newlib-2.2.0-1/libgloss/i386   
configure:2302: checking dependency style of i686-rpos-cc -B/home/ilaird/Projects/Personal/rpos/src/newlib-2.2.0-1/i686-rpos/newlib/ -isystem /home/ilaird/Projects/Personal/rpos/src/newlib-2.2.0-1/i686-rpos/newlib/targ-include -isystem /home/ilaird/Projects/Personal/rpos/src/newlib-2.2.0-1/newlib/libc/include -B/home/ilaird/Projects/Personal/rpos/src/newlib-2.2.0-1/i686-rpos/libgloss/i386 -L/home/ilaird/Projects/Personal/rpos/src/newlib-2.2.0-1/i686-rpos/libgloss/libnosys -L/home/ilaird/Projects/Personal/rpos/src/newlib-2.2.0-1/libgloss/i386   
configure:2392: result: gcc3
configure:2467: checking whether we are using GNU C
configure:2488: result: yes
configure:2498: checking whether i686-rpos-cc -B/home/ilaird/Projects/Personal/rpos/src/newlib-2.2.0-1/i686-rpos/newlib/ -isystem /home/ilaird/Projects/Personal/rpos/src/newlib-2.2.0-1/i686-rpos/newlib/targ-include -isystem /home/ilaird/Projects/Personal/rpos/src/newlib-2.2.0-1/newlib/libc/include -B/home/ilaird/Projects/Personal/rpos/src/newlib-2.2.0-1/i686-rpos/libgloss/i386 -L/home/ilaird/Projects/Personal/rpos/src/newlib-2.2.0-1/i686-rpos/libgloss/libnosys -L/home/ilaird/Projects/Personal/rpos/src/newlib-2.2.0-1/libgloss/i386    accepts -g
configure:2559: result: no
configure:2597: checking for i686-rpos-ranlib
configure:2624: result: i686-rpos-ranlib
configure:2767: updating cache .././config.cache
configure:2824: creating ./config.status

## ---------------------- ##
## Running config.status. ##
## ---------------------- ##

This file was extended by config.status, which was
generated by GNU Autoconf 2.68.  Invocation command line was

  CONFIG_FILES    = 
  CONFIG_HEADERS  = 
  CONFIG_LINKS    = 
  CONFIG_COMMANDS = 
  $ ./config.status 

on ilaird-MacBookPro

config.status:876: creating Makefile
config.status:876: creating config.h
config.status:1055: executing depfiles commands

## ---------------- ##
## Cache variables. ##
## ---------------- ##

ac_cv_build=x86_64-unknown-linux-gnu
ac_cv_c_compiler_gnu=yes
ac_cv_env_CCASFLAGS_set=
ac_cv_env_CCASFLAGS_value=
ac_cv_env_CCAS_set=
ac_cv_env_CCAS_value=
ac_cv_env_build_alias_set=set
ac_cv_env_build_alias_value=x86_64-unknown-linux-gnu
ac_cv_env_host_alias_set=set
ac_cv_env_host_alias_value=i686-rpos
ac_cv_env_target_alias_set=set
ac_cv_env_target_alias_value=i686-rpos
ac_cv_host=i686-pc-rpos
ac_cv_prog_AR=i686-rpos-ar
ac_cv_prog_AWK=gawk
ac_cv_prog_CC='i686-rpos-cc -B/home/ilaird/Projects/Personal/rpos/src/newlib-2.2.0-1/i686-rpos/newlib/ -isystem /home/ilaird/Projects/Personal/rpos/src/newlib-2.2.0-1/i686-rpos/newlib/targ-include -isystem /home/ilaird/Projects/Personal/rpos/src/newlib-2.2.0-1/newlib/libc/include -B/home/ilaird/Projects/Personal/rpos/src/newlib-2.2.0-1/i686-rpos/libgloss/i386 -L/home/ilaird/Projects/Personal/rpos/src/newlib-2.2.0-1/i686-rpos/libgloss/libnosys -L/home/ilaird/Projects/Personal/rpos/src/newlib-2.2.0-1/libgloss/i386   '
ac_cv_prog_RANLIB=i686-rpos-ranlib
ac_cv_prog_STRIP=i686-rpos-strip
ac_cv_prog_cc_g=no
ac_cv_prog_make_make_set=yes
ac_cv_target=i686-pc-rpos
am_cv_CC_dependencies_compiler_type=gcc3
libc_cv_symbol_prefix=none

## ----------------- ##
## Output variables. ##
## ----------------- ##

AMDEPBACKSLASH='\'
AMDEP_FALSE='#'
AMDEP_TRUE=''
AR='i686-rpos-ar'
AS='i686-rpos-as'
CC='i686-rpos-cc -B/home/ilaird/Projects/Personal/rpos/src/newlib-2.2.0-1/i686-rpos/newlib/ -isystem /home/ilaird/Projects/Personal/rpos/src/newlib-2.2.0-1/i686-rpos/newlib/targ-include -isystem /home/ilaird/Projects/Personal/rpos/src/newlib-2.2.0-1/newlib/libc/include -B/home/ilaird/Projects/Personal/rpos/src/newlib-2.2.0-1/i686-rpos/libgloss/i386 -L/home/ilaird/Projects/Personal/rpos/src/newlib-2.2.0-1/i686-rpos/libgloss/libnosys -L/home/ilaird/Projects/Personal/rpos/src/newlib-2.2.0-1/libgloss/i386   '
CCAS='i686-rpos-cc -B/home/ilaird/Projects/Personal/rpos/src/newlib-2.2.0-1/i686-rpos/newlib/ -isystem /home/ilaird/Projects/Personal/rpos/src/newlib-2.2.0-1/i686-rpos/newlib/targ-include -isystem /home/ilaird/Projects/Personal/rpos/src/newlib-2.2.0-1/newlib/libc/include -B/home/ilaird/Projects/Personal/rpos/src/newlib-2.2.0-1/i686-rpos/libgloss/i386 -L/home/ilaird/Projects/Personal/rpos/src/newlib-2.2.0-1/i686-rpos/libgloss/libnosys -L/home/ilaird/Projects/Personal/rpos/src/newlib-2.2.0-1/libgloss/i386   '
CCASFLAGS=''
CCDEPMODE='depmode=gcc3'
DEFS='-DHAVE_CONFIG_H'
DEPDIR='.deps'
ECHO_C=''
ECHO_N='-n'
ECHO_T=''
INSTALL_DATA='/usr/bin/install -c -m 644'
INSTALL_PROGRAM='/usr/bin/install -c'
INSTALL_SCRIPT='/usr/bin/install -c'
LD='i686-rpos-ld'
LIBOBJS=''
LIBS=''
LTLIBOBJS=''
PACKAGE_BUGREPORT=''
PACKAGE_NAME=''
PACKAGE_STRING=''
PACKAGE_TARNAME=''
PACKAGE_URL=''
PACKAGE_VERSION=''
PATH_SEPARATOR=':'
RANLIB='i686-rpos-ranlib'
SHELL='/bin/bash'
am__fastdepCC_FALSE='#'
am__fastdepCC_TRUE=''
am__include='include'
am__leading_dot='.'
am__quote=''
bindir='${exec_prefix}/bin'
build='x86_64-unknown-linux-gnu'
build_alias='x86_64-unknown-linux-gnu'
build_cpu='x86_64'
build_os='linux-gnu'
build_vendor='unknown'
datadir='${datarootdir}'
datarootdir='${prefix}/share'
docdir='${datarootdir}/doc/${PACKAGE}'
dvidir='${docdir}'
exec_prefix='${prefix}'
host='i686-pc-rpos'
host_alias='i686-rpos'
host_cpu='i686'
host_makefile_frag_path='../../.././libgloss/libnosys/../config/default.mh'
host_os='rpos'
host_vendor='pc'
htmldir='${docdir}'
includedir='${prefix}/include'
infodir='${datarootdir}/info'
libdir='${exec_prefix}/lib'
libexecdir='${exec_prefix}/libexec'
localedir='${datarootdir}/locale'
localstatedir='${prefix}/var'
mandir='${datarootdir}/man'
oldincludedir='/usr/include'
pdfdir='${docdir}'
prefix='/usr'
program_transform_name='s&^&i686-rpos-&'
psdir='${docdir}'
sbindir='${exec_prefix}/sbin'
sharedstatedir='${prefix}/com'
sysconfdir='${prefix}/etc'
target='i686-pc-rpos'
target_alias='i686-rpos'
target_cpu='i686'
target_os='rpos'
target_vendor='pc'

## ------------------- ##
## File substitutions. ##
## ------------------- ##

host_makefile_frag='../../.././libgloss/libnosys/../config/default.mh'

## ----------- ##
## confdefs.h. ##
## ----------- ##

/* confdefs.h */
#define PACKAGE_NAME ""
#define PACKAGE_TARNAME ""
#define PACKAGE_VERSION ""
#define PACKAGE_STRING ""
#define PACKAGE_BUGREPORT ""
#define PACKAGE_URL ""
#define HAVE_GNU_LD 1
#define MISSING_SYSCALL_NAMES 1
#define __SYMBOL_PREFIX ""

configure: exit 0
